0 info it worked if it ends with ok
1 verbose cli [ 'C:\\Program Files (x86)\\nodejs\\node.exe',
1 verbose cli   'C:\\Program Files (x86)\\nodejs\\node_modules\\npm\\bin\\npm-cli.js',
1 verbose cli   'start' ]
2 info using npm@3.10.8
3 info using node@v6.9.1
4 verbose run-script [ 'prestart', 'start', 'poststart' ]
5 info lifecycle angular2-full-stack@3.3.4~prestart: angular2-full-stack@3.3.4
6 silly lifecycle angular2-full-stack@3.3.4~prestart: no script for prestart, continuing
7 info lifecycle angular2-full-stack@3.3.4~start: angular2-full-stack@3.3.4
8 verbose lifecycle angular2-full-stack@3.3.4~start: unsafe-perm in lifecycle true
9 verbose lifecycle angular2-full-stack@3.3.4~start: PATH: C:\Program Files (x86)\nodejs\node_modules\npm\bin\node-gyp-bin;C:\AngularProjects\Angular 2\italThumbnailer\node_modules\.bin;C:\ProgramData\Oracle\Java\javapath;C:\Python27\;C:\Python27\Scripts;C:\WINDOWS\system32;C:\WINDOWS;C:\WINDOWS\System32\Wbem;C:\WINDOWS\System32\WindowsPowerShell\v1.0\;C:\Program Files (x86)\ATI Technologies\ATI.ACE\Core-Static;C:\Program Files\Microsoft SQL Server\120\Tools\Binn\;C:\Program Files\Microsoft SQL Server\110\Tools\Binn\;C:\Program Files (x86)\AMD\ATI.ACE\Core-Static;C:\Program Files (x86)\Brackets\command;C:\Program Files (x86)\Heroku\bin;C:\Program Files (x86)\git\cmd;C:\Program Files (x86)\CloudFoundry;C:\Program Files (x86)\IBM\IBM Bluemix Live Sync CLI;C:\Program Files\Microsoft\Web Platform Installer\;C:\Program Files (x86)\Microsoft SDKs\Azure\CLI\wbin;C:\Program Files (x86)\Windows Kits\10\Windows Performance Toolkit\;C:\Program Files\TortoiseGit\bin;C:\Program Files (x86)\Skype\Phone\;C:\Program Files\Microsoft SQL Server\130\Tools\Binn\;C:\Program Files\dotnet\;C:\Program Files (x86)\nodejs\;C:\Ruby23-x64\bin;C:\Windows\system32;C:\Windows;C:\Windows\System32\Wbem;C:\Windows\System32\WindowsPowerShell\v1.0\;C:\Program Files (x86)\ATI Technologies\ATI.ACE\Core-Static;C:\Program Files\nodejs\;C:\Program Files\Microsoft SQL Server\120\Tools\Binn\;C:\Program Files (x86)\Brackets\command;C:\Windows\system32\config\systemprofile\.dnx\bin;C:\Program Files\Microsoft DNX\Dnvm\;C:\Program Files (x86)\Windows Kits\8.1\Windows Performance Toolkit\;C:\Users\Luca\AppData\Local\atom\bin;C:\Program Files\MongoDB\Server\3.0\bin;C:\Program Files (x86)\Android\android-sdk\tools;C:\Program Files (x86)\Android\android-sdk\platform-tools;C:\Program Files (x86)\CloudFoundry;C:\Program Files\Git\bin;C:\Users\Luca\AppData\Local\Microsoft\WindowsApps;C:\Users\Luca\AppData\Roaming\npm;C:\Program Files\Heroku\bin;C:\Ruby23-x64\bin
10 verbose lifecycle angular2-full-stack@3.3.4~start: CWD: C:\AngularProjects\Angular 2\italThumbnailer
11 silly lifecycle angular2-full-stack@3.3.4~start: Args: [ '/d /s /c', 'ng serve --proxy-config proxy.conf.json --open' ]
12 silly lifecycle angular2-full-stack@3.3.4~start: Returned: code: 3221225786  signal: null
13 info lifecycle angular2-full-stack@3.3.4~start: Failed to exec start script
14 verbose stack Error: angular2-full-stack@3.3.4 start: `ng serve --proxy-config proxy.conf.json --open`
14 verbose stack Exit status 3221225786
14 verbose stack     at EventEmitter.<anonymous> (C:\Program Files (x86)\nodejs\node_modules\npm\lib\utils\lifecycle.js:255:16)
14 verbose stack     at emitTwo (events.js:106:13)
14 verbose stack     at EventEmitter.emit (events.js:191:7)
14 verbose stack     at ChildProcess.<anonymous> (C:\Program Files (x86)\nodejs\node_modules\npm\lib\utils\spawn.js:40:14)
14 verbose stack     at emitTwo (events.js:106:13)
14 verbose stack     at ChildProcess.emit (events.js:191:7)
14 verbose stack     at maybeClose (internal/child_process.js:877:16)
14 verbose stack     at Process.ChildProcess._handle.onexit (internal/child_process.js:226:5)
15 verbose pkgid angular2-full-stack@3.3.4
16 verbose cwd C:\AngularProjects\Angular 2\italThumbnailer
17 error Windows_NT 10.0.14393
18 error argv "C:\\Program Files (x86)\\nodejs\\node.exe" "C:\\Program Files (x86)\\nodejs\\node_modules\\npm\\bin\\npm-cli.js" "start"
19 error node v6.9.1
20 error npm  v3.10.8
21 error code ELIFECYCLE
22 error angular2-full-stack@3.3.4 start: `ng serve --proxy-config proxy.conf.json --open`
22 error Exit status 3221225786
23 error Failed at the angular2-full-stack@3.3.4 start script 'ng serve --proxy-config proxy.conf.json --open'.
23 error Make sure you have the latest version of node.js and npm installed.
23 error If you do, this is most likely a problem with the angular2-full-stack package,
23 error not with npm itself.
23 error Tell the author that this fails on your system:
23 error     ng serve --proxy-config proxy.conf.json --open
23 error You can get information on how to open an issue for this project with:
23 error     npm bugs angular2-full-stack
23 error Or if that isn't available, you can get their info via:
23 error     npm owner ls angular2-full-stack
23 error There is likely additional logging output above.
24 verbose exit [ 1, true ]
